[+] Containers:
 |- [+] Container: /Game/DevMap
 |   |- [+] ActorDescs:
 |   |   |- Guid:03920DF94EEFC9F86CC66185D32A3DA1 NativeClass:/Script/Engine.StaticMeshActor Name:StaticMeshActor_UAID_A4AE111137DC54FB00_1240666663 Label:SM_SkySphere SpatiallyLoaded:false EditorBounds:IsValid=true, Min=(X=-1638400.000 Y=-1638400.000 Z=-1638400.000), Max=(X=1638400.000 Y=1638400.000 Z=1638400.000) RuntimeBounds:IsValid=true, Min=(X=-1638400.000 Y=-1638400.000 Z=-1638400.000), Max=(X=1638400.000 Y=1638400.000 Z=1638400.000) RuntimeGrid:None EditorOnly:false RuntimeOnly:false HLODRelevant:false ListedInSceneOutliner:true IsMainWorldOnly:true FolderPath:Lighting FolderGuid:B7E9BD5B45A652654791988DEF54CCEB
 |   |   |- Guid:0545C3A547037281C8B3D0AE61C9A922 BaseClass:/Game/Resources/WoodResource.WoodResource_C NativeClass:/Script/ProjectSurvive.Resource_M Name:WoodResource_C_UAID_107C6121B4FE0C6B02_1751335605 Label:WoodResource2 SpatiallyLoaded:true EditorBounds:IsValid=true, Min=(X=-340.000 Y=-650.000 Z=425.000), Max=(X=-10.000 Y=-325.000 Z=775.000) RuntimeBounds:IsValid=true, Min=(X=-340.000 Y=-650.000 Z=425.000), Max=(X=-10.000 Y=-325.000 Z=775.000) RuntimeGrid:None EditorOnly:false RuntimeOnly:false HLODRelevant:false ListedInSceneOutliner:true IsMainWorldOnly:false
 |   |   |- Guid:081325F54DFECF8958F32D934B0C55D5 BaseClass:/Game/Resources/WoodResource.WoodResource_C NativeClass:/Script/ProjectSurvive.Resource_M Name:WoodResource_C_UAID_107C6121B4FE0A6B02_1678473249 Label:WoodResource SpatiallyLoaded:true EditorBounds:IsValid=true, Min=(X=-240.000 Y=-520.000 Z=-40.000), Max=(X=-130.000 Y=-420.000 Z=560.000) RuntimeBounds:IsValid=true, Min=(X=-240.000 Y=-520.000 Z=-40.000), Max=(X=-130.000 Y=-420.000 Z=560.000) RuntimeGrid:None EditorOnly:false RuntimeOnly:false HLODRelevant:false ListedInSceneOutliner:true IsMainWorldOnly:false
 |   |   |- Guid:160ECC5448A79D30FA6A8F935A02D556 NativeClass:/Script/Engine.PlayerStart Name:PlayerStart_UAID_107C6121B4FEAD6A02_1935925879 Label:PlayerStart SpatiallyLoaded:false EditorBounds:IsValid=true, Min=(X=-8.000 Y=182.000 Z=-46.000), Max=(X=360.000 Y=438.000 Z=210.000) RuntimeBounds:IsValid=true, Min=(X=80.000 Y=270.000 Z=-10.000), Max=(X=160.000 Y=350.000 Z=174.000) RuntimeGrid:None EditorOnly:false RuntimeOnly:false HLODRelevant:false ListedInSceneOutliner:true IsMainWorldOnly:false
 |   |   |- Guid:17F481DD4D638D25CCE480B12F514DD7 NativeClass:/Script/Engine.WorldPartitionHLOD Name:DevMap_HLOD0_Instancing_00000000356a0585 Label:DevMap_HLOD0_Instancing/DevMap_MainGrid_L0_X-1_Y-1_Z0 SpatiallyLoaded:false EditorBounds:IsValid=true, Min=(X=-335.000 Y=-65.000 Z=0.000), Max=(X=-285.000 Y=-15.000 Z=200.000) RuntimeBounds:IsValid=true, Min=(X=-335.000 Y=-65.000 Z=0.000), Max=(X=-285.000 Y=-15.000 Z=200.000) RuntimeGrid:MainGrid:PersistentLevel EditorOnly:false RuntimeOnly:true HLODRelevant:true ListedInSceneOutliner:true IsMainWorldOnly:false FolderPath:HLOD/DevMap_HLOD0_Instancing FolderGuid:8E06AA4D4FD0FCED6C90A0BA6D39F835
 |   |   |- Guid:1D3D26F04B6DC10BEFB5B69E5CF914C8 NativeClass:/Script/Engine.VolumetricCloud Name:VolumetricCloud_UAID_A85E45CFE40401D200_1470381760 Label:VolumetricCloud SpatiallyLoaded:false EditorBounds:IsValid=true, Min=(X=-128.000 Y=-128.000 Z=-128.000), Max=(X=128.000 Y=128.000 Z=128.000) RuntimeBounds:IsValid=true, Min=(X=0.000 Y=0.000 Z=0.000), Max=(X=0.000 Y=0.000 Z=0.000) RuntimeGrid:None EditorOnly:false RuntimeOnly:false HLODRelevant:false ListedInSceneOutliner:true IsMainWorldOnly:false FolderPath:Lighting FolderGuid:B7E9BD5B45A652654791988DEF54CCEB
 |   |   |- Guid:1DE8D7AC4103A2EABA11649C7FCF8ACA NativeClass:/Script/Engine.SkyLight Name:SkyLight_UAID_A85E45CFE40401D200_1470380759 Label:SkyLight SpatiallyLoaded:false EditorBounds:IsValid=true, Min=(X=-1.000 Y=-1.000 Z=-1.000), Max=(X=1.000 Y=1.000 Z=1.000) RuntimeBounds:IsValid=true, Min=(X=0.000 Y=0.000 Z=0.000), Max=(X=0.000 Y=0.000 Z=0.000) RuntimeGrid:None EditorOnly:false RuntimeOnly:false HLODRelevant:false ListedInSceneOutliner:true IsMainWorldOnly:false FolderPath:Lighting FolderGuid:B7E9BD5B45A652654791988DEF54CCEB
 |   |   |- Guid:218E3B124735712D7EF272B4FB8E7FF6 NativeClass:/Script/Landscape.Landscape Name:Landscape_UAID_A85E45CFE404FBD100_1221515703 Label:Landscape SpatiallyLoaded:false EditorBounds:IsValid=true, Min=(X=-100800.000 Y=-100800.000 Z=100.000), Max=(X=-100800.000 Y=-100800.000 Z=100.000) RuntimeBounds:IsValid=true, Min=(X=-100800.000 Y=-100800.000 Z=100.000), Max=(X=-100800.000 Y=-100800.000 Z=100.000) RuntimeGrid:None EditorOnly:false RuntimeOnly:false HLODRelevant:false ListedInSceneOutliner:true IsMainWorldOnly:false
 |   |   |- Guid:26CDCEC14E2DE9DC0C37FD8DDB1354E7 BaseClass:/Game/Resources/StoneResource.StoneResource_C NativeClass:/Script/ProjectSurvive.Resource_M Name:StoneResource_C_UAID_107C6121B4FE0C6B02_1675914603 Label:StoneResource3 SpatiallyLoaded:true EditorBounds:IsValid=true, Min=(X=-467.500 Y=310.000 Z=-5.000), Max=(X=-440.000 Y=335.000 Z=45.000) RuntimeBounds:IsValid=true, Min=(X=-467.500 Y=310.000 Z=-5.000), Max=(X=-440.000 Y=335.000 Z=45.000) RuntimeGrid:None EditorOnly:false RuntimeOnly:false HLODRelevant:false ListedInSceneOutliner:true IsMainWorldOnly:false
 |   |   |- Guid:2CE12F874AA39D020A0F4BA5739BD305 NativeClass:/Script/Engine.SkyAtmosphere Name:SkyAtmosphere_UAID_A85E45CFE40401D200_1470382762 Label:SkyAtmosphere SpatiallyLoaded:false EditorBounds:IsValid=true, Min=(X=-128.000 Y=-128.000 Z=-128.000), Max=(X=240.000 Y=128.000 Z=128.000) RuntimeBounds:IsValid=true, Min=(X=0.000 Y=0.000 Z=0.000), Max=(X=0.000 Y=0.000 Z=0.000) RuntimeGrid:None EditorOnly:false RuntimeOnly:false HLODRelevant:false ListedInSceneOutliner:true IsMainWorldOnly:false FolderPath:Lighting FolderGuid:B7E9BD5B45A652654791988DEF54CCEB
 |   |   |- Guid:3C6CD8FD4197E3EF4D69E3986B9ED79A BaseClass:/Game/Resources/StoneResource.StoneResource_C NativeClass:/Script/ProjectSurvive.Resource_M Name:StoneResource_C_UAID_107C6121B4FE0A6B02_1673751248 Label:StoneResource SpatiallyLoaded:true EditorBounds:IsValid=true, Min=(X=-387.500 Y=250.000 Z=-5.000), Max=(X=-360.000 Y=275.000 Z=45.000) RuntimeBounds:IsValid=true, Min=(X=-387.500 Y=250.000 Z=-5.000), Max=(X=-360.000 Y=275.000 Z=45.000) RuntimeGrid:None EditorOnly:false RuntimeOnly:false HLODRelevant:false ListedInSceneOutliner:true IsMainWorldOnly:false
 |   |   |- Guid:5368FABB47D6D9580DAECA8B0417BF92 NativeClass:/Script/Engine.WorldDataLayers Name:WorldDataLayers Label:WorldDataLayers-1 SpatiallyLoaded:false EditorBounds:IsValid=false, Min=(X=0.000 Y=0.000 Z=0.000), Max=(X=0.000 Y=0.000 Z=0.000) RuntimeBounds:IsValid=false, Min=(X=0.000 Y=0.000 Z=0.000), Max=(X=0.000 Y=0.000 Z=0.000) RuntimeGrid:None EditorOnly:false RuntimeOnly:false HLODRelevant:false ListedInSceneOutliner:true IsMainWorldOnly:true
 |   |   |- Guid:62A3D73F45EF282807D39BB4F85F1D9E NativeClass:/Script/Engine.WorldPartitionHLOD Name:DevMap_HLOD0_Instancing_000000000ad5eacd Label:DevMap_HLOD0_Instancing/DevMap_MainGrid_L0_X0_Y0_Z-1 SpatiallyLoaded:false EditorBounds:IsValid=true, Min=(X=-1000.000 Y=-1000.000 Z=-10.000), Max=(X=1000.000 Y=1000.000 Z=-10.000) RuntimeBounds:IsValid=true, Min=(X=-1000.000 Y=-1000.000 Z=-10.000), Max=(X=1000.000 Y=1000.000 Z=-10.000) RuntimeGrid:MainGrid:PersistentLevel EditorOnly:false RuntimeOnly:true HLODRelevant:true ListedInSceneOutliner:true IsMainWorldOnly:false FolderPath:HLOD/DevMap_HLOD0_Instancing FolderGuid:8E06AA4D4FD0FCED6C90A0BA6D39F835
 |   |   |- Guid:8532B76A43AD28EC840A779B5D63E687 NativeClass:/Script/Engine.StaticMeshActor Name:StaticMeshActor_UAID_107C6121B4FE076702_1102368495 Label:Plane SpatiallyLoaded:true EditorBounds:IsValid=true, Min=(X=-1000.000 Y=-1000.000 Z=-10.000), Max=(X=1000.000 Y=1000.000 Z=-10.000) RuntimeBounds:IsValid=true, Min=(X=-1000.000 Y=-1000.000 Z=-10.000), Max=(X=1000.000 Y=1000.000 Z=-10.000) RuntimeGrid:None EditorOnly:false RuntimeOnly:false HLODRelevant:true ListedInSceneOutliner:true IsMainWorldOnly:false
 |   |   |- Guid:9C043DF14DC9089C4743379F05331AB2 BaseClass:/Game/Resources/BerryResource.BerryResource_C NativeClass:/Script/ProjectSurvive.Resource_M Name:BerryResource_C_UAID_107C6121B4FE0A6B02_1668175247 Label:BerryResource SpatiallyLoaded:true EditorBounds:IsValid=true, Min=(X=-767.500 Y=-140.000 Z=-2.500), Max=(X=-630.000 Y=-15.000 Z=122.500) RuntimeBounds:IsValid=true, Min=(X=-767.500 Y=-140.000 Z=-2.500), Max=(X=-630.000 Y=-15.000 Z=122.500) RuntimeGrid:None EditorOnly:false RuntimeOnly:false HLODRelevant:false ListedInSceneOutliner:true IsMainWorldOnly:false
 |   |   |- Guid:AAAC6B5742760A58C2206DB37E44683C NativeClass:/Script/Engine.DirectionalLight Name:DirectionalLight_UAID_A85E45CFE40401D200_1470382761 Label:DirectionalLight SpatiallyLoaded:false EditorBounds:IsValid=false, Min=(X=0.000 Y=0.000 Z=0.000), Max=(X=0.000 Y=0.000 Z=0.000) RuntimeBounds:IsValid=false, Min=(X=0.000 Y=0.000 Z=0.000), Max=(X=0.000 Y=0.000 Z=0.000) RuntimeGrid:None EditorOnly:false RuntimeOnly:false HLODRelevant:false ListedInSceneOutliner:true IsMainWorldOnly:true FolderPath:Lighting FolderGuid:B7E9BD5B45A652654791988DEF54CCEB
 |   |   |- Guid:C67524B54200EF0C2002FB8AA7A24D6D BaseClass:/Game/Resources/StoneResource.StoneResource_C NativeClass:/Script/ProjectSurvive.Resource_M Name:StoneResource_C_UAID_107C6121B4FE0C6B02_1674120602 Label:StoneResource2 SpatiallyLoaded:true EditorBounds:IsValid=true, Min=(X=-387.500 Y=310.000 Z=-5.000), Max=(X=-360.000 Y=335.000 Z=45.000) RuntimeBounds:IsValid=true, Min=(X=-387.500 Y=310.000 Z=-5.000), Max=(X=-360.000 Y=335.000 Z=45.000) RuntimeGrid:None EditorOnly:false RuntimeOnly:false HLODRelevant:false ListedInSceneOutliner:true IsMainWorldOnly:false
 |   |   |- Guid:D3FB7383421AAEFD3DB6F8B1E415A9FE NativeClass:/Script/Engine.ExponentialHeightFog Name:ExponentialHeightFog_UAID_A85E45CFE40401D200_1470382763 Label:ExponentialHeightFog SpatiallyLoaded:false EditorBounds:IsValid=true, Min=(X=-5728.000 Y=-178.000 Z=-6978.000), Max=(X=-5472.000 Y=78.000 Z=-6722.000) RuntimeBounds:IsValid=true, Min=(X=-5600.000 Y=-50.000 Z=-6850.000), Max=(X=-5600.000 Y=-50.000 Z=-6850.000) RuntimeGrid:None EditorOnly:false RuntimeOnly:false HLODRelevant:false ListedInSceneOutliner:true IsMainWorldOnly:false FolderPath:Lighting FolderGuid:B7E9BD5B45A652654791988DEF54CCEB
 |   |- [+] Clusters:
 |   |   |- [+] [  0]
 |   |   |   |- Guid:03920DF94EEFC9F86CC66185D32A3DA1 NativeClass:/Script/Engine.StaticMeshActor Name:StaticMeshActor_UAID_A4AE111137DC54FB00_1240666663 Label:SM_SkySphere SpatiallyLoaded:false EditorBounds:IsValid=true, Min=(X=-1638400.000 Y=-1638400.000 Z=-1638400.000), Max=(X=1638400.000 Y=1638400.000 Z=1638400.000) RuntimeBounds:IsValid=true, Min=(X=-1638400.000 Y=-1638400.000 Z=-1638400.000), Max=(X=1638400.000 Y=1638400.000 Z=1638400.000) RuntimeGrid:None EditorOnly:false RuntimeOnly:false HLODRelevant:false ListedInSceneOutliner:true IsMainWorldOnly:true FolderPath:Lighting FolderGuid:B7E9BD5B45A652654791988DEF54CCEB
 |   |   |- [+] [  1]
 |   |   |   |- Guid:0545C3A547037281C8B3D0AE61C9A922 BaseClass:/Game/Resources/WoodResource.WoodResource_C NativeClass:/Script/ProjectSurvive.Resource_M Name:WoodResource_C_UAID_107C6121B4FE0C6B02_1751335605 Label:WoodResource2 SpatiallyLoaded:true EditorBounds:IsValid=true, Min=(X=-340.000 Y=-650.000 Z=425.000), Max=(X=-10.000 Y=-325.000 Z=775.000) RuntimeBounds:IsValid=true, Min=(X=-340.000 Y=-650.000 Z=425.000), Max=(X=-10.000 Y=-325.000 Z=775.000) RuntimeGrid:None EditorOnly:false RuntimeOnly:false HLODRelevant:false ListedInSceneOutliner:true IsMainWorldOnly:false
 |   |   |- [+] [  2]
 |   |   |   |- Guid:081325F54DFECF8958F32D934B0C55D5 BaseClass:/Game/Resources/WoodResource.WoodResource_C NativeClass:/Script/ProjectSurvive.Resource_M Name:WoodResource_C_UAID_107C6121B4FE0A6B02_1678473249 Label:WoodResource SpatiallyLoaded:true EditorBounds:IsValid=true, Min=(X=-240.000 Y=-520.000 Z=-40.000), Max=(X=-130.000 Y=-420.000 Z=560.000) RuntimeBounds:IsValid=true, Min=(X=-240.000 Y=-520.000 Z=-40.000), Max=(X=-130.000 Y=-420.000 Z=560.000) RuntimeGrid:None EditorOnly:false RuntimeOnly:false HLODRelevant:false ListedInSceneOutliner:true IsMainWorldOnly:false
 |   |   |- [+] [  3]
 |   |   |   |- Guid:160ECC5448A79D30FA6A8F935A02D556 NativeClass:/Script/Engine.PlayerStart Name:PlayerStart_UAID_107C6121B4FEAD6A02_1935925879 Label:PlayerStart SpatiallyLoaded:false EditorBounds:IsValid=true, Min=(X=-8.000 Y=182.000 Z=-46.000), Max=(X=360.000 Y=438.000 Z=210.000) RuntimeBounds:IsValid=true, Min=(X=80.000 Y=270.000 Z=-10.000), Max=(X=160.000 Y=350.000 Z=174.000) RuntimeGrid:None EditorOnly:false RuntimeOnly:false HLODRelevant:false ListedInSceneOutliner:true IsMainWorldOnly:false
 |   |   |- [+] [  4]
 |   |   |   |- Guid:17F481DD4D638D25CCE480B12F514DD7 NativeClass:/Script/Engine.WorldPartitionHLOD Name:DevMap_HLOD0_Instancing_00000000356a0585 Label:DevMap_HLOD0_Instancing/DevMap_MainGrid_L0_X-1_Y-1_Z0 SpatiallyLoaded:false EditorBounds:IsValid=true, Min=(X=-335.000 Y=-65.000 Z=0.000), Max=(X=-285.000 Y=-15.000 Z=200.000) RuntimeBounds:IsValid=true, Min=(X=-335.000 Y=-65.000 Z=0.000), Max=(X=-285.000 Y=-15.000 Z=200.000) RuntimeGrid:MainGrid:PersistentLevel EditorOnly:false RuntimeOnly:true HLODRelevant:true ListedInSceneOutliner:true IsMainWorldOnly:false FolderPath:HLOD/DevMap_HLOD0_Instancing FolderGuid:8E06AA4D4FD0FCED6C90A0BA6D39F835
 |   |   |- [+] [  5]
 |   |   |   |- Guid:1D3D26F04B6DC10BEFB5B69E5CF914C8 NativeClass:/Script/Engine.VolumetricCloud Name:VolumetricCloud_UAID_A85E45CFE40401D200_1470381760 Label:VolumetricCloud SpatiallyLoaded:false EditorBounds:IsValid=true, Min=(X=-128.000 Y=-128.000 Z=-128.000), Max=(X=128.000 Y=128.000 Z=128.000) RuntimeBounds:IsValid=true, Min=(X=0.000 Y=0.000 Z=0.000), Max=(X=0.000 Y=0.000 Z=0.000) RuntimeGrid:None EditorOnly:false RuntimeOnly:false HLODRelevant:false ListedInSceneOutliner:true IsMainWorldOnly:false FolderPath:Lighting FolderGuid:B7E9BD5B45A652654791988DEF54CCEB
 |   |   |- [+] [  6]
 |   |   |   |- Guid:1DE8D7AC4103A2EABA11649C7FCF8ACA NativeClass:/Script/Engine.SkyLight Name:SkyLight_UAID_A85E45CFE40401D200_1470380759 Label:SkyLight SpatiallyLoaded:false EditorBounds:IsValid=true, Min=(X=-1.000 Y=-1.000 Z=-1.000), Max=(X=1.000 Y=1.000 Z=1.000) RuntimeBounds:IsValid=true, Min=(X=0.000 Y=0.000 Z=0.000), Max=(X=0.000 Y=0.000 Z=0.000) RuntimeGrid:None EditorOnly:false RuntimeOnly:false HLODRelevant:false ListedInSceneOutliner:true IsMainWorldOnly:false FolderPath:Lighting FolderGuid:B7E9BD5B45A652654791988DEF54CCEB
 |   |   |- [+] [  7]
 |   |   |   |- Guid:218E3B124735712D7EF272B4FB8E7FF6 NativeClass:/Script/Landscape.Landscape Name:Landscape_UAID_A85E45CFE404FBD100_1221515703 Label:Landscape SpatiallyLoaded:false EditorBounds:IsValid=true, Min=(X=-100800.000 Y=-100800.000 Z=100.000), Max=(X=-100800.000 Y=-100800.000 Z=100.000) RuntimeBounds:IsValid=true, Min=(X=-100800.000 Y=-100800.000 Z=100.000), Max=(X=-100800.000 Y=-100800.000 Z=100.000) RuntimeGrid:None EditorOnly:false RuntimeOnly:false HLODRelevant:false ListedInSceneOutliner:true IsMainWorldOnly:false
 |   |   |- [+] [  8]
 |   |   |   |- Guid:26CDCEC14E2DE9DC0C37FD8DDB1354E7 BaseClass:/Game/Resources/StoneResource.StoneResource_C NativeClass:/Script/ProjectSurvive.Resource_M Name:StoneResource_C_UAID_107C6121B4FE0C6B02_1675914603 Label:StoneResource3 SpatiallyLoaded:true EditorBounds:IsValid=true, Min=(X=-467.500 Y=310.000 Z=-5.000), Max=(X=-440.000 Y=335.000 Z=45.000) RuntimeBounds:IsValid=true, Min=(X=-467.500 Y=310.000 Z=-5.000), Max=(X=-440.000 Y=335.000 Z=45.000) RuntimeGrid:None EditorOnly:false RuntimeOnly:false HLODRelevant:false ListedInSceneOutliner:true IsMainWorldOnly:false
 |   |   |- [+] [  9]
 |   |   |   |- Guid:2CE12F874AA39D020A0F4BA5739BD305 NativeClass:/Script/Engine.SkyAtmosphere Name:SkyAtmosphere_UAID_A85E45CFE40401D200_1470382762 Label:SkyAtmosphere SpatiallyLoaded:false EditorBounds:IsValid=true, Min=(X=-128.000 Y=-128.000 Z=-128.000), Max=(X=240.000 Y=128.000 Z=128.000) RuntimeBounds:IsValid=true, Min=(X=0.000 Y=0.000 Z=0.000), Max=(X=0.000 Y=0.000 Z=0.000) RuntimeGrid:None EditorOnly:false RuntimeOnly:false HLODRelevant:false ListedInSceneOutliner:true IsMainWorldOnly:false FolderPath:Lighting FolderGuid:B7E9BD5B45A652654791988DEF54CCEB
 |   |   |- [+] [ 10]
 |   |   |   |- Guid:3C6CD8FD4197E3EF4D69E3986B9ED79A BaseClass:/Game/Resources/StoneResource.StoneResource_C NativeClass:/Script/ProjectSurvive.Resource_M Name:StoneResource_C_UAID_107C6121B4FE0A6B02_1673751248 Label:StoneResource SpatiallyLoaded:true EditorBounds:IsValid=true, Min=(X=-387.500 Y=250.000 Z=-5.000), Max=(X=-360.000 Y=275.000 Z=45.000) RuntimeBounds:IsValid=true, Min=(X=-387.500 Y=250.000 Z=-5.000), Max=(X=-360.000 Y=275.000 Z=45.000) RuntimeGrid:None EditorOnly:false RuntimeOnly:false HLODRelevant:false ListedInSceneOutliner:true IsMainWorldOnly:false
 |   |   |- [+] [ 11]
 |   |   |   |- Guid:5368FABB47D6D9580DAECA8B0417BF92 NativeClass:/Script/Engine.WorldDataLayers Name:WorldDataLayers Label:WorldDataLayers-1 SpatiallyLoaded:false EditorBounds:IsValid=false, Min=(X=0.000 Y=0.000 Z=0.000), Max=(X=0.000 Y=0.000 Z=0.000) RuntimeBounds:IsValid=false, Min=(X=0.000 Y=0.000 Z=0.000), Max=(X=0.000 Y=0.000 Z=0.000) RuntimeGrid:None EditorOnly:false RuntimeOnly:false HLODRelevant:false ListedInSceneOutliner:true IsMainWorldOnly:true
 |   |   |- [+] [ 12]
 |   |   |   |- Guid:62A3D73F45EF282807D39BB4F85F1D9E NativeClass:/Script/Engine.WorldPartitionHLOD Name:DevMap_HLOD0_Instancing_000000000ad5eacd Label:DevMap_HLOD0_Instancing/DevMap_MainGrid_L0_X0_Y0_Z-1 SpatiallyLoaded:false EditorBounds:IsValid=true, Min=(X=-1000.000 Y=-1000.000 Z=-10.000), Max=(X=1000.000 Y=1000.000 Z=-10.000) RuntimeBounds:IsValid=true, Min=(X=-1000.000 Y=-1000.000 Z=-10.000), Max=(X=1000.000 Y=1000.000 Z=-10.000) RuntimeGrid:MainGrid:PersistentLevel EditorOnly:false RuntimeOnly:true HLODRelevant:true ListedInSceneOutliner:true IsMainWorldOnly:false FolderPath:HLOD/DevMap_HLOD0_Instancing FolderGuid:8E06AA4D4FD0FCED6C90A0BA6D39F835
 |   |   |- [+] [ 13]
 |   |   |   |- Guid:8532B76A43AD28EC840A779B5D63E687 NativeClass:/Script/Engine.StaticMeshActor Name:StaticMeshActor_UAID_107C6121B4FE076702_1102368495 Label:Plane SpatiallyLoaded:true EditorBounds:IsValid=true, Min=(X=-1000.000 Y=-1000.000 Z=-10.000), Max=(X=1000.000 Y=1000.000 Z=-10.000) RuntimeBounds:IsValid=true, Min=(X=-1000.000 Y=-1000.000 Z=-10.000), Max=(X=1000.000 Y=1000.000 Z=-10.000) RuntimeGrid:None EditorOnly:false RuntimeOnly:false HLODRelevant:true ListedInSceneOutliner:true IsMainWorldOnly:false
 |   |   |- [+] [ 14]
 |   |   |   |- Guid:9C043DF14DC9089C4743379F05331AB2 BaseClass:/Game/Resources/BerryResource.BerryResource_C NativeClass:/Script/ProjectSurvive.Resource_M Name:BerryResource_C_UAID_107C6121B4FE0A6B02_1668175247 Label:BerryResource SpatiallyLoaded:true EditorBounds:IsValid=true, Min=(X=-767.500 Y=-140.000 Z=-2.500), Max=(X=-630.000 Y=-15.000 Z=122.500) RuntimeBounds:IsValid=true, Min=(X=-767.500 Y=-140.000 Z=-2.500), Max=(X=-630.000 Y=-15.000 Z=122.500) RuntimeGrid:None EditorOnly:false RuntimeOnly:false HLODRelevant:false ListedInSceneOutliner:true IsMainWorldOnly:false
 |   |   |- [+] [ 15]
 |   |   |   |- Guid:AAAC6B5742760A58C2206DB37E44683C NativeClass:/Script/Engine.DirectionalLight Name:DirectionalLight_UAID_A85E45CFE40401D200_1470382761 Label:DirectionalLight SpatiallyLoaded:false EditorBounds:IsValid=false, Min=(X=0.000 Y=0.000 Z=0.000), Max=(X=0.000 Y=0.000 Z=0.000) RuntimeBounds:IsValid=false, Min=(X=0.000 Y=0.000 Z=0.000), Max=(X=0.000 Y=0.000 Z=0.000) RuntimeGrid:None EditorOnly:false RuntimeOnly:false HLODRelevant:false ListedInSceneOutliner:true IsMainWorldOnly:true FolderPath:Lighting FolderGuid:B7E9BD5B45A652654791988DEF54CCEB
 |   |   |- [+] [ 16]
 |   |   |   |- Guid:C67524B54200EF0C2002FB8AA7A24D6D BaseClass:/Game/Resources/StoneResource.StoneResource_C NativeClass:/Script/ProjectSurvive.Resource_M Name:StoneResource_C_UAID_107C6121B4FE0C6B02_1674120602 Label:StoneResource2 SpatiallyLoaded:true EditorBounds:IsValid=true, Min=(X=-387.500 Y=310.000 Z=-5.000), Max=(X=-360.000 Y=335.000 Z=45.000) RuntimeBounds:IsValid=true, Min=(X=-387.500 Y=310.000 Z=-5.000), Max=(X=-360.000 Y=335.000 Z=45.000) RuntimeGrid:None EditorOnly:false RuntimeOnly:false HLODRelevant:false ListedInSceneOutliner:true IsMainWorldOnly:false
 |   |   |- [+] [ 17]
 |   |   |   |- Guid:D3FB7383421AAEFD3DB6F8B1E415A9FE NativeClass:/Script/Engine.ExponentialHeightFog Name:ExponentialHeightFog_UAID_A85E45CFE40401D200_1470382763 Label:ExponentialHeightFog SpatiallyLoaded:false EditorBounds:IsValid=true, Min=(X=-5728.000 Y=-178.000 Z=-6978.000), Max=(X=-5472.000 Y=78.000 Z=-6722.000) RuntimeBounds:IsValid=true, Min=(X=-5600.000 Y=-50.000 Z=-6850.000), Max=(X=-5600.000 Y=-50.000 Z=-6850.000) RuntimeGrid:None EditorOnly:false RuntimeOnly:false HLODRelevant:false ListedInSceneOutliner:true IsMainWorldOnly:false FolderPath:Lighting FolderGuid:B7E9BD5B45A652654791988DEF54CCEB
 |- ContainerInstances:
 |- [+] MainContainer:
 |   |-        ID: 00000000000000000000000000000000
 |   |-  ParentID: 00000000000000000000000000000000
 |   |-    Bounds: IsValid=true, Min=(X=-1000.000 Y=-1000.000 Z=-40.000), Max=(X=1000.000 Y=1000.000 Z=775.000)
 |   |- Transform: 0.000000,0.000000,0.000000|0.000000,0.000000,-0.000000|1.000000,1.000000,1.000000
 |   |- Container: /Game/DevMap
----------------------------------------------------------------------------------------------------------------
DevMap - Persistent Level
----------------------------------------------------------------------------------------------------------------
[+] Content of DevMap Persistent Level
 |- Always loaded Actor Count: 11 
 |- Actor Path: /Game/DevMap.DevMap:PersistentLevel.DevMap_HLOD0_Instancing_000000000ad5eacd
 |- Actor Package: /Game/__ExternalActors__/DevMap/0/4I/XBS80NB8NDG79F10JSN1SD
 |- Actor Path: /Game/DevMap.DevMap:PersistentLevel.DevMap_HLOD0_Instancing_00000000356a0585
 |- Actor Package: /Game/__ExternalActors__/DevMap/6/P0/WWCSXXL97ZWTGQTMYICMZN
 |- Actor Path: /Game/DevMap.DevMap:PersistentLevel.DirectionalLight_UAID_A85E45CFE40401D200_1470382761
 |- Actor Package: /Game/__ExternalActors__/DevMap/D/RB/AY6EJ9AWZD8MTJ62HADYE9
 |- Actor Path: /Game/DevMap.DevMap:PersistentLevel.ExponentialHeightFog_UAID_A85E45CFE40401D200_1470382763
 |- Actor Package: /Game/__ExternalActors__/DevMap/E/4K/GZUU8FHIQRU9HWL4ZBQKS5
 |- Actor Path: /Game/DevMap.DevMap:PersistentLevel.Landscape_UAID_A85E45CFE404FBD100_1221515703
 |- Actor Package: /Game/__ExternalActors__/DevMap/C/Q3/SM6SPOKLEOZSM41OCJ40DF
 |- Actor Path: /Game/DevMap.DevMap:PersistentLevel.PlayerStart_UAID_107C6121B4FEAD6A02_1935925879
 |- Actor Package: /Game/__ExternalActors__/DevMap/D/G6/SOB2MOQRK1MSQXZJIY0W0J
 |- Actor Path: /Game/DevMap.DevMap:PersistentLevel.SkyAtmosphere_UAID_A85E45CFE40401D200_1470382762
 |- Actor Package: /Game/__ExternalActors__/DevMap/4/SY/JE3HL1OVS49T38YESCC45G
 |- Actor Path: /Game/DevMap.DevMap:PersistentLevel.SkyLight_UAID_A85E45CFE40401D200_1470380759
 |- Actor Package: /Game/__ExternalActors__/DevMap/7/PV/67RX1B0M9T0LJDMXGKGHAT
 |- Actor Path: /Game/DevMap.DevMap:PersistentLevel.StaticMeshActor_UAID_A4AE111137DC54FB00_1240666663
 |- Actor Package: /Game/__ExternalActors__/DevMap/4/RZ/MRCH64UXXQXPUHODPFHPVA
 |- Actor Path: /Game/DevMap.DevMap:PersistentLevel.VolumetricCloud_UAID_A85E45CFE40401D200_1470381760
 |- Actor Package: /Game/__ExternalActors__/DevMap/6/89/GKFLPGRMSSJYSD973165O4
 |- Actor Path: /Game/DevMap.DevMap:PersistentLevel.WorldDataLayers
 |- Actor Package: /Game/__ExternalActors__/DevMap/3/44/MTSUWT058NDBA94YDPJATN

----------------------------------------------------------------------------------------------------------------
DevMap - Runtime Hash Set
----------------------------------------------------------------------------------------------------------------
[+] Content of Cell DevMap_MainGrid_L0_X0_Y0_Z-1 (54MLBK3YEQWUXG5MIVM289BSO)
 |- Actor Count: 1
 |- Content Bounds: IsValid=true, Min=(X=0.000 Y=0.000 Z=-10.000), Max=(X=1000.000 Y=1000.000 Z=-10.000)
 |- Cell Bounds: IsValid=true, Min=(X=0.000 Y=0.000 Z=-25200.000), Max=(X=25200.000 Y=25200.000 Z=0.000)
 |- Is 2D: False
 |- [+] /Game/DevMap.DevMap:PersistentLevel.StaticMeshActor_UAID_107C6121B4FE076702_1102368495
 |   |-         Package: /Game/__ExternalActors__/DevMap/5/F8/9O6D8KFG57SX8IB1F2WY46
 |   |-     Editor Only: 0
 |   |-   Instance Guid: 8532B76A43AD28EC840A779B5D63E687
 |   |- [+] Container:
 |   |   |-        ID: 00000000000000000000000000000000
 |   |   |- Transform: 0.000000,0.000000,0.000000|0.000000,0.000000,-0.000000|1.000000,1.000000,1.000000
[+] Content of Cell DevMap_MainGrid_L0_X-1_Y0_Z0 (5LM5X2NV96FCLPRN756L4HEIU)
 |- Actor Count: 3
 |- Content Bounds: IsValid=true, Min=(X=-467.500 Y=250.000 Z=0.000), Max=(X=-360.000 Y=335.000 Z=45.000)
 |- Cell Bounds: IsValid=true, Min=(X=-25200.000 Y=0.000 Z=0.000), Max=(X=0.000 Y=25200.000 Z=25200.000)
 |- Is 2D: False
 |- [+] /Game/DevMap.DevMap:PersistentLevel.StoneResource_C_UAID_107C6121B4FE0C6B02_1675914603
 |   |-         Package: /Game/__ExternalActors__/DevMap/E/1X/VOJSKDVIGHVACSE5NS2UZY
 |   |-     Editor Only: 0
 |   |-   Instance Guid: 26CDCEC14E2DE9DC0C37FD8DDB1354E7
 |   |- [+] Container:
 |   |   |-        ID: 00000000000000000000000000000000
 |   |   |- Transform: 0.000000,0.000000,0.000000|0.000000,0.000000,-0.000000|1.000000,1.000000,1.000000
 |- [+] /Game/DevMap.DevMap:PersistentLevel.StoneResource_C_UAID_107C6121B4FE0A6B02_1673751248
 |   |-         Package: /Game/__ExternalActors__/DevMap/5/3M/3W41OM4OBIAT7JKD9OD2D3
 |   |-     Editor Only: 0
 |   |-   Instance Guid: 3C6CD8FD4197E3EF4D69E3986B9ED79A
 |   |- [+] Container:
 |   |   |-        ID: 00000000000000000000000000000000
 |   |   |- Transform: 0.000000,0.000000,0.000000|0.000000,0.000000,-0.000000|1.000000,1.000000,1.000000
 |- [+] /Game/DevMap.DevMap:PersistentLevel.StoneResource_C_UAID_107C6121B4FE0C6B02_1674120602
 |   |-         Package: /Game/__ExternalActors__/DevMap/C/V3/VTKP9RM2CVQM8W895BOLWR
 |   |-     Editor Only: 0
 |   |-   Instance Guid: C67524B54200EF0C2002FB8AA7A24D6D
 |   |- [+] Container:
 |   |   |-        ID: 00000000000000000000000000000000
 |   |   |- Transform: 0.000000,0.000000,0.000000|0.000000,0.000000,-0.000000|1.000000,1.000000,1.000000
[+] Content of Cell DevMap_MainGrid_L0_X-1_Y-1_Z0 (ARC966XCGL0NM7SEGAQKDKYMV)
 |- Actor Count: 3
 |- Content Bounds: IsValid=true, Min=(X=-767.500 Y=-650.000 Z=0.000), Max=(X=-10.000 Y=-15.000 Z=775.000)
 |- Cell Bounds: IsValid=true, Min=(X=-25200.000 Y=-25200.000 Z=0.000), Max=(X=0.000 Y=0.000 Z=25200.000)
 |- Is 2D: False
 |- [+] /Game/DevMap.DevMap:PersistentLevel.WoodResource_C_UAID_107C6121B4FE0C6B02_1751335605
 |   |-         Package: /Game/__ExternalActors__/DevMap/C/9V/FM8W74F8SIEMG2SO4ENYWR
 |   |-     Editor Only: 0
 |   |-   Instance Guid: 0545C3A547037281C8B3D0AE61C9A922
 |   |- [+] Container:
 |   |   |-        ID: 00000000000000000000000000000000
 |   |   |- Transform: 0.000000,0.000000,0.000000|0.000000,0.000000,-0.000000|1.000000,1.000000,1.000000
 |- [+] /Game/DevMap.DevMap:PersistentLevel.WoodResource_C_UAID_107C6121B4FE0A6B02_1678473249
 |   |-         Package: /Game/__ExternalActors__/DevMap/5/6H/MVF3Q02GICBT24T15PDOF0
 |   |-     Editor Only: 0
 |   |-   Instance Guid: 081325F54DFECF8958F32D934B0C55D5
 |   |- [+] Container:
 |   |   |-        ID: 00000000000000000000000000000000
 |   |   |- Transform: 0.000000,0.000000,0.000000|0.000000,0.000000,-0.000000|1.000000,1.000000,1.000000
 |- [+] /Game/DevMap.DevMap:PersistentLevel.BerryResource_C_UAID_107C6121B4FE0A6B02_1668175247
 |   |-         Package: /Game/__ExternalActors__/DevMap/1/PK/2FE3QEMPTU2WB8GHDE3TBQ
 |   |-     Editor Only: 0
 |   |-   Instance Guid: 9C043DF14DC9089C4743379F05331AB2
 |   |- [+] Container:
 |   |   |-        ID: 00000000000000000000000000000000
 |   |   |- Transform: 0.000000,0.000000,0.000000|0.000000,0.000000,-0.000000|1.000000,1.000000,1.000000

